# JRE version: Java(TM) SE Runtime Environment (8.0_131-b11) (build 1.8.0_131-b11)
# Java VM: Java HotSpot(TM) 64-Bit Server VM (25.131-b11 mixed mode linux-amd64 compressed oops)
Heap:
 PSYoungGen      total 24576K, used 13290K [0x00000000d6f80000, 0x00000000d8900000, 0x0000000100000000)
  eden space 23040K, 54% used [0x00000000d6f80000,0x00000000d7bd2ba0,0x00000000d8600000)
  from space 1536K, 43% used [0x00000000d8780000,0x00000000d8828000,0x00000000d8900000)
  to   space 1536K, 0% used [0x00000000d8600000,0x00000000d8600000,0x00000000d8780000)
 ParOldGen       total 64512K, used 59316K [0x0000000084e00000, 0x0000000088d00000, 0x00000000d6f80000)
  object space 64512K, 91% used [0x0000000084e00000,0x00000000887ed028,0x0000000088d00000)
 Metaspace       used 21448K, capacity 22014K, committed 22144K, reserved 1069056K
  class space    used 2480K, capacity 2645K, committed 2688K, reserved 1048576K
GC Heap History (10 events):
Event: 3451.867 GC heap before
{Heap before GC invocations=133 (full 1):
 PSYoungGen      total 24576K, used 24000K [0x00000000d6f80000, 0x00000000d8900000, 0x0000000100000000)
  eden space 23040K, 100% used [0x00000000d6f80000,0x00000000d8600000,0x00000000d8600000)
  from space 1536K, 62% used [0x00000000d8600000,0x00000000d86f0000,0x00000000d8780000)
  to   space 1536K, 0% used [0x00000000d8780000,0x00000000d8780000,0x00000000d8900000)
 ParOldGen       total 48128K, used 39040K [0x0000000084e00000, 0x0000000087d00000, 0x00000000d6f80000)
  object space 48128K, 81% used [0x0000000084e00000,0x0000000087420118,0x0000000087d00000)
 Metaspace       used 19841K, capacity 20396K, committed 20736K, reserved 1067008K
  class space    used 2311K, capacity 2468K, committed 2560K, reserved 1048576K
Event: 3451.868 GC heap after
Heap after GC invocations=133 (full 1):
 PSYoungGen      total 24576K, used 928K [0x00000000d6f80000, 0x00000000d8900000, 0x0000000100000000)
  eden space 23040K, 0% used [0x00000000d6f80000,0x00000000d6f80000,0x00000000d8600000)
  from space 1536K, 60% used [0x00000000d8780000,0x00000000d8868000,0x00000000d8900000)
  to   space 1536K, 0% used [0x00000000d8600000,0x00000000d8600000,0x00000000d8780000)
 ParOldGen       total 48128K, used 39853K [0x0000000084e00000, 0x0000000087d00000, 0x00000000d6f80000)
  object space 48128K, 82% used [0x0000000084e00000,0x00000000874eb5a0,0x0000000087d00000)
 Metaspace       used 19841K, capacity 20396K, committed 20736K, reserved 1067008K
  class space    used 2311K, capacity 2468K, committed 2560K, reserved 1048576K
}
Event: 3453.517 GC heap before
{Heap before GC invocations=134 (full 1):
 PSYoungGen      total 24576K, used 23968K [0x00000000d6f80000, 0x00000000d8900000, 0x0000000100000000)
  eden space 23040K, 100% used [0x00000000d6f80000,0x00000000d8600000,0x00000000d8600000)
  from space 1536K, 60% used [0x00000000d8780000,0x00000000d8868000,0x00000000d8900000)
  to   space 1536K, 0% used [0x00000000d8600000,0x00000000d8600000,0x00000000d8780000)
 ParOldGen       total 48128K, used 39853K [0x0000000084e00000, 0x0000000087d00000, 0x00000000d6f80000)
  object space 48128K, 82% used [0x0000000084e00000,0x00000000874eb5a0,0x0000000087d00000)
 Metaspace       used 19841K, capacity 20396K, committed 20736K, reserved 1067008K
  class space    used 2311K, capacity 2468K, committed 2560K, reserved 1048576K
Event: 3453.519 GC heap after
Heap after GC invocations=134 (full 1):
 PSYoungGen      total 24576K, used 960K [0x00000000d6f80000, 0x00000000d8900000, 0x0000000100000000)
  eden space 23040K, 0% used [0x00000000d6f80000,0x00000000d6f80000,0x00000000d8600000)
  from space 1536K, 62% used [0x00000000d8600000,0x00000000d86f0000,0x00000000d8780000)
  to   space 1536K, 0% used [0x00000000d8780000,0x00000000d8780000,0x00000000d8900000)
 ParOldGen       total 48128K, used 40644K [0x0000000084e00000, 0x0000000087d00000, 0x00000000d6f80000)
  object space 48128K, 84% used [0x0000000084e00000,0x00000000875b13d8,0x0000000087d00000)
 Metaspace       used 19841K, capacity 20396K, committed 20736K, reserved 1067008K
  class space    used 2311K, capacity 2468K, committed 2560K, reserved 1048576K
}
Event: 3454.772 GC heap before
{Heap before GC invocations=135 (full 1):
 PSYoungGen      total 24576K, used 24000K [0x00000000d6f80000, 0x00000000d8900000, 0x0000000100000000)
  eden space 23040K, 100% used [0x00000000d6f80000,0x00000000d8600000,0x00000000d8600000)
  from space 1536K, 62% used [0x00000000d8600000,0x00000000d86f0000,0x00000000d8780000)
  to   space 1536K, 0% used [0x00000000d8780000,0x00000000d8780000,0x00000000d8900000)
 ParOldGen       total 48128K, used 40644K [0x0000000084e00000, 0x0000000087d00000, 0x00000000d6f80000)
  object space 48128K, 84% used [0x0000000084e00000,0x00000000875b13d8,0x0000000087d00000)
 Metaspace       used 19841K, capacity 20396K, committed 20736K, reserved 1067008K
  class space    used 2311K, capacity 2468K, committed 2560K, reserved 1048576K
Event: 3454.773 GC heap after
Heap after GC invocations=135 (full 1):
 PSYoungGen      total 24576K, used 928K [0x00000000d6f80000, 0x00000000d8900000, 0x0000000100000000)
  eden space 23040K, 0% used [0x00000000d6f80000,0x00000000d6f80000,0x00000000d8600000)
  from space 1536K, 60% used [0x00000000d8780000,0x00000000d8868000,0x00000000d8900000)
  to   space 1536K, 0% used [0x00000000d8600000,0x00000000d8600000,0x00000000d8780000)
 ParOldGen       total 48128K, used 41491K [0x0000000084e00000, 0x0000000087d00000, 0x00000000d6f80000)
  object space 48128K, 86% used [0x0000000084e00000,0x0000000087684fd0,0x0000000087d00000)
 Metaspace       used 19841K, capacity 20396K, committed 20736K, reserved 1067008K
  class space    used 2311K, capacity 2468K, committed 2560K, reserved 1048576K
}
Event: 3457.448 GC heap before
{Heap before GC invocations=136 (full 1):
 PSYoungGen      total 24576K, used 23968K [0x00000000d6f80000, 0x00000000d8900000, 0x0000000100000000)
  eden space 23040K, 100% used [0x00000000d6f80000,0x00000000d8600000,0x00000000d8600000)
  from space 1536K, 60% used [0x00000000d8780000,0x00000000d8868000,0x00000000d8900000)
  to   space 1536K, 0% used [0x00000000d8600000,0x00000000d8600000,0x00000000d8780000)
 ParOldGen       total 48128K, used 41491K [0x0000000084e00000, 0x0000000087d00000, 0x00000000d6f80000)
  object space 48128K, 86% used [0x0000000084e00000,0x0000000087684fd0,0x0000000087d00000)
 Metaspace       used 19841K, capacity 20396K, committed 20736K, reserved 1067008K
  class space    used 2311K, capacity 2468K, committed 2560K, reserved 1048576K
Event: 3457.449 GC heap after
Heap after GC invocations=136 (full 1):
 PSYoungGen      total 24576K, used 928K [0x00000000d6f80000, 0x00000000d8900000, 0x0000000100000000)
  eden space 23040K, 0% used [0x00000000d6f80000,0x00000000d6f80000,0x00000000d8600000)
  from space 1536K, 60% used [0x00000000d8600000,0x00000000d86e8000,0x00000000d8780000)
  to   space 1536K, 0% used [0x00000000d8780000,0x00000000d8780000,0x00000000d8900000)
 ParOldGen       total 48128K, used 42315K [0x0000000084e00000, 0x0000000087d00000, 0x00000000d6f80000)
  object space 48128K, 87% used [0x0000000084e00000,0x0000000087752fe8,0x0000000087d00000)
 Metaspace       used 19841K, capacity 20396K, committed 20736K, reserved 1067008K
  class space    used 2311K, capacity 2468K, committed 2560K, reserved 1048576K
}
Event: 3468.986 GC heap before
{Heap before GC invocations=137 (full 1):
 PSYoungGen      total 24576K, used 23968K [0x00000000d6f80000, 0x00000000d8900000, 0x0000000100000000)
  eden space 23040K, 100% used [0x00000000d6f80000,0x00000000d8600000,0x00000000d8600000)
  from space 1536K, 60% used [0x00000000d8600000,0x00000000d86e8000,0x00000000d8780000)
  to   space 1536K, 0% used [0x00000000d8780000,0x00000000d8780000,0x00000000d8900000)
 ParOldGen       total 48128K, used 42315K [0x0000000084e00000, 0x0000000087d00000, 0x00000000d6f80000)
  object space 48128K, 87% used [0x0000000084e00000,0x0000000087752fe8,0x0000000087d00000)
 Metaspace       used 19841K, capacity 20396K, committed 20736K, reserved 1067008K
  class space    used 2311K, capacity 2468K, committed 2560K, reserved 1048576K
Event: 3468.987 GC heap after
Heap after GC invocations=137 (full 1):
 PSYoungGen      total 24576K, used 672K [0x00000000d6f80000, 0x00000000d8900000, 0x0000000100000000)
  eden space 23040K, 0% used [0x00000000d6f80000,0x00000000d6f80000,0x00000000d8600000)
  from space 1536K, 43% used [0x00000000d8780000,0x00000000d8828000,0x00000000d8900000)
  to   space 1536K, 0% used [0x00000000d8600000,0x00000000d8600000,0x00000000d8780000)
 ParOldGen       total 48128K, used 43116K [0x0000000084e00000, 0x0000000087d00000, 0x00000000d6f80000)
  object space 48128K, 89% used [0x0000000084e00000,0x000000008781b018,0x0000000087d00000)
 Metaspace       used 19841K, capacity 20396K, committed 20736K, reserved 1067008K
  class space    used 2311K, capacity 2468K, committed 2560K, reserved 1048576K
}

