# JRE version: Java(TM) SE Runtime Environment (8.0_131-b11) (build 1.8.0_131-b11)
# Java VM: Java HotSpot(TM) 64-Bit Server VM (25.131-b11 mixed mode linux-amd64 compressed oops)
Heap:
 PSYoungGen      total 31232K, used 17099K [0x00000000d6f80000, 0x00000000d9780000, 0x0000000100000000)
  eden space 23552K, 72% used [0x00000000d6f80000,0x00000000d8032fc8,0x00000000d8680000)
  from space 7680K, 0% used [0x00000000d9000000,0x00000000d9000000,0x00000000d9780000)
  to   space 8704K, 0% used [0x00000000d8680000,0x00000000d8680000,0x00000000d8f00000)
 ParOldGen       total 42496K, used 8090K [0x0000000084e00000, 0x0000000087780000, 0x00000000d6f80000)
  object space 42496K, 19% used [0x0000000084e00000,0x00000000855e6af0,0x0000000087780000)
 Metaspace       used 21250K, capacity 21800K, committed 22064K, reserved 1069056K
  class space    used 2461K, capacity 2616K, committed 2688K, reserved 1048576K
GC Heap History (10 events):
Event: 1260.814 GC heap before
{Heap before GC invocations=17 (full 0):
 PSYoungGen      total 34304K, used 26624K [0x00000000d6f80000, 0x00000000d9b80000, 0x0000000100000000)
  eden space 25600K, 100% used [0x00000000d6f80000,0x00000000d8880000,0x00000000d8880000)
  from space 8704K, 11% used [0x00000000d9300000,0x00000000d9400000,0x00000000d9b80000)
  to   space 9728K, 0% used [0x00000000d8880000,0x00000000d8880000,0x00000000d9200000)
 ParOldGen       total 84992K, used 22272K [0x0000000084e00000, 0x000000008a100000, 0x00000000d6f80000)
  object space 84992K, 26% used [0x0000000084e00000,0x00000000863c0198,0x000000008a100000)
 Metaspace       used 19588K, capacity 20096K, committed 20224K, reserved 1067008K
  class space    used 2298K, capacity 2452K, committed 2560K, reserved 1048576K
Event: 1260.817 GC heap after
Heap after GC invocations=17 (full 0):
 PSYoungGen      total 26112K, used 960K [0x00000000d6f80000, 0x00000000d9b00000, 0x0000000100000000)
  eden space 25088K, 0% used [0x00000000d6f80000,0x00000000d6f80000,0x00000000d8800000)
  from space 1024K, 93% used [0x00000000d8880000,0x00000000d8970000,0x00000000d8980000)
  to   space 9728K, 0% used [0x00000000d9180000,0x00000000d9180000,0x00000000d9b00000)
 ParOldGen       total 84992K, used 23065K [0x0000000084e00000, 0x000000008a100000, 0x00000000d6f80000)
  object space 84992K, 27% used [0x0000000084e00000,0x00000000864867d8,0x000000008a100000)
 Metaspace       used 19588K, capacity 20096K, committed 20224K, reserved 1067008K
  class space    used 2298K, capacity 2452K, committed 2560K, reserved 1048576K
}
Event: 1263.162 GC heap before
{Heap before GC invocations=18 (full 0):
 PSYoungGen      total 26112K, used 26048K [0x00000000d6f80000, 0x00000000d9b00000, 0x0000000100000000)
  eden space 25088K, 100% used [0x00000000d6f80000,0x00000000d8800000,0x00000000d8800000)
  from space 1024K, 93% used [0x00000000d8880000,0x00000000d8970000,0x00000000d8980000)
  to   space 9728K, 0% used [0x00000000d9180000,0x00000000d9180000,0x00000000d9b00000)
 ParOldGen       total 84992K, used 23065K [0x0000000084e00000, 0x000000008a100000, 0x00000000d6f80000)
  object space 84992K, 27% used [0x0000000084e00000,0x00000000864867d8,0x000000008a100000)
 Metaspace       used 19641K, capacity 20096K, committed 20224K, reserved 1067008K
  class space    used 2298K, capacity 2452K, committed 2560K, reserved 1048576K
Event: 1263.165 GC heap after
Heap after GC invocations=18 (full 0):
 PSYoungGen      total 32768K, used 928K [0x00000000d6f80000, 0x00000000d9980000, 0x0000000100000000)
  eden space 24576K, 0% used [0x00000000d6f80000,0x00000000d6f80000,0x00000000d8780000)
  from space 8192K, 11% used [0x00000000d9180000,0x00000000d9268000,0x00000000d9980000)
  to   space 9216K, 0% used [0x00000000d8780000,0x00000000d8780000,0x00000000d9080000)
 ParOldGen       total 84992K, used 23851K [0x0000000084e00000, 0x000000008a100000, 0x00000000d6f80000)
  object space 84992K, 28% used [0x0000000084e00000,0x000000008654aeb8,0x000000008a100000)
 Metaspace       used 19641K, capacity 20096K, committed 20224K, reserved 1067008K
  class space    used 2298K, capacity 2452K, committed 2560K, reserved 1048576K
}
Event: 9588.810 GC heap before
{Heap before GC invocations=19 (full 0):
 PSYoungGen      total 32768K, used 25503K [0x00000000d6f80000, 0x00000000d9980000, 0x0000000100000000)
  eden space 24576K, 99% used [0x00000000d6f80000,0x00000000d877fe68,0x00000000d8780000)
  from space 8192K, 11% used [0x00000000d9180000,0x00000000d9268000,0x00000000d9980000)
  to   space 9216K, 0% used [0x00000000d8780000,0x00000000d8780000,0x00000000d9080000)
 ParOldGen       total 84992K, used 23851K [0x0000000084e00000, 0x000000008a100000, 0x00000000d6f80000)
  object space 84992K, 28% used [0x0000000084e00000,0x000000008654aeb8,0x000000008a100000)
 Metaspace       used 19674K, capacity 20180K, committed 20480K, reserved 1067008K
  class space    used 2300K, capacity 2454K, committed 2560K, reserved 1048576K
Event: 9588.813 GC heap after
Heap after GC invocations=19 (full 0):
 PSYoungGen      total 25088K, used 800K [0x00000000d6f80000, 0x00000000d9900000, 0x0000000100000000)
  eden space 24064K, 0% used [0x00000000d6f80000,0x00000000d6f80000,0x00000000d8700000)
  from space 1024K, 78% used [0x00000000d8780000,0x00000000d8848010,0x00000000d8880000)
  to   space 9216K, 0% used [0x00000000d9000000,0x00000000d9000000,0x00000000d9900000)
 ParOldGen       total 84992K, used 24620K [0x0000000084e00000, 0x000000008a100000, 0x00000000d6f80000)
  object space 84992K, 28% used [0x0000000084e00000,0x000000008660b2b0,0x000000008a100000)
 Metaspace       used 19674K, capacity 20180K, committed 20480K, reserved 1067008K
  class space    used 2300K, capacity 2454K, committed 2560K, reserved 1048576K
}
Event: 9590.333 GC heap before
{Heap before GC invocations=20 (full 0):
 PSYoungGen      total 25088K, used 10807K [0x00000000d6f80000, 0x00000000d9900000, 0x0000000100000000)
  eden space 24064K, 41% used [0x00000000d6f80000,0x00000000d7945f08,0x00000000d8700000)
  from space 1024K, 78% used [0x00000000d8780000,0x00000000d8848010,0x00000000d8880000)
  to   space 9216K, 0% used [0x00000000d9000000,0x00000000d9000000,0x00000000d9900000)
 ParOldGen       total 84992K, used 24620K [0x0000000084e00000, 0x000000008a100000, 0x00000000d6f80000)
  object space 84992K, 28% used [0x0000000084e00000,0x000000008660b2b0,0x000000008a100000)
 Metaspace       used 20540K, capacity 21080K, committed 21296K, reserved 1069056K
  class space    used 2389K, capacity 2564K, committed 2688K, reserved 1048576K
Event: 9590.334 GC heap after
Heap after GC invocations=20 (full 0):
 PSYoungGen      total 31232K, used 512K [0x00000000d6f80000, 0x00000000d9780000, 0x0000000100000000)
  eden space 23552K, 0% used [0x00000000d6f80000,0x00000000d6f80000,0x00000000d8680000)
  from space 7680K, 6% used [0x00000000d9000000,0x00000000d9080000,0x00000000d9780000)
  to   space 8704K, 0% used [0x00000000d8680000,0x00000000d8680000,0x00000000d8f00000)
 ParOldGen       total 84992K, used 25280K [0x0000000084e00000, 0x000000008a100000, 0x00000000d6f80000)
  object space 84992K, 29% used [0x0000000084e00000,0x00000000866b0298,0x000000008a100000)
 Metaspace       used 20540K, capacity 21080K, committed 21296K, reserved 1069056K
  class space    used 2389K, capacity 2564K, committed 2688K, reserved 1048576K
}
Event: 9590.334 GC heap before
{Heap before GC invocations=21 (full 1):
 PSYoungGen      total 31232K, used 512K [0x00000000d6f80000, 0x00000000d9780000, 0x0000000100000000)
  eden space 23552K, 0% used [0x00000000d6f80000,0x00000000d6f80000,0x00000000d8680000)
  from space 7680K, 6% used [0x00000000d9000000,0x00000000d9080000,0x00000000d9780000)
  to   space 8704K, 0% used [0x00000000d8680000,0x00000000d8680000,0x00000000d8f00000)
 ParOldGen       total 84992K, used 25280K [0x0000000084e00000, 0x000000008a100000, 0x00000000d6f80000)
  object space 84992K, 29% used [0x0000000084e00000,0x00000000866b0298,0x000000008a100000)
 Metaspace       used 20540K, capacity 21080K, committed 21296K, reserved 1069056K
  class space    used 2389K, capacity 2564K, committed 2688K, reserved 1048576K
Event: 9590.367 GC heap after
Heap after GC invocations=21 (full 1):
 PSYoungGen      total 31232K, used 0K [0x00000000d6f80000, 0x00000000d9780000, 0x0000000100000000)
  eden space 23552K, 0% used [0x00000000d6f80000,0x00000000d6f80000,0x00000000d8680000)
  from space 7680K, 0% used [0x00000000d9000000,0x00000000d9000000,0x00000000d9780000)
  to   space 8704K, 0% used [0x00000000d8680000,0x00000000d8680000,0x00000000d8f00000)
 ParOldGen       total 42496K, used 8090K [0x0000000084e00000, 0x0000000087780000, 0x00000000d6f80000)
  object space 42496K, 19% used [0x0000000084e00000,0x00000000855e6af0,0x0000000087780000)
 Metaspace       used 20503K, capacity 21018K, committed 21296K, reserved 1069056K
  class space    used 2381K, capacity 2549K, committed 2688K, reserved 1048576K
}

