# JRE version: Java(TM) SE Runtime Environment (8.0_131-b11) (build 1.8.0_131-b11)
# Java VM: Java HotSpot(TM) 64-Bit Server VM (25.131-b11 mixed mode linux-amd64 compressed oops)
Heap:
 PSYoungGen      total 37376K, used 16943K [0x00000000d6f80000, 0x00000000d9e80000, 0x0000000100000000)
  eden space 27648K, 61% used [0x00000000d6f80000,0x00000000d800bee0,0x00000000d8a80000)
  from space 9728K, 0% used [0x00000000d9480000,0x00000000d9480000,0x00000000d9e00000)
  to   space 10240K, 0% used [0x00000000d8a80000,0x00000000d8a80000,0x00000000d9480000)
 ParOldGen       total 43520K, used 8824K [0x0000000084e00000, 0x0000000087880000, 0x00000000d6f80000)
  object space 43520K, 20% used [0x0000000084e00000,0x000000008569e300,0x0000000087880000)
 Metaspace       used 21153K, capacity 21714K, committed 22064K, reserved 1069056K
  class space    used 2466K, capacity 2629K, committed 2688K, reserved 1048576K
GC Heap History (10 events):
Event: 28.310 GC heap before
{Heap before GC invocations=9 (full 0):
 PSYoungGen      total 37888K, used 33280K [0x00000000d6f80000, 0x00000000d9d80000, 0x0000000100000000)
  eden space 29696K, 100% used [0x00000000d6f80000,0x00000000d8c80000,0x00000000d8c80000)
  from space 8192K, 43% used [0x00000000d9580000,0x00000000d9900000,0x00000000d9d80000)
  to   space 8704K, 0% used [0x00000000d8c80000,0x00000000d8c80000,0x00000000d9500000)
 ParOldGen       total 84992K, used 12785K [0x0000000084e00000, 0x000000008a100000, 0x00000000d6f80000)
  object space 84992K, 15% used [0x0000000084e00000,0x0000000085a7c510,0x000000008a100000)
 Metaspace       used 19456K, capacity 19944K, committed 20224K, reserved 1067008K
  class space    used 2291K, capacity 2448K, committed 2560K, reserved 1048576K
Event: 28.312 GC heap after
Heap after GC invocations=9 (full 0):
 PSYoungGen      total 37888K, used 3040K [0x00000000d6f80000, 0x00000000d9e00000, 0x0000000100000000)
  eden space 29184K, 0% used [0x00000000d6f80000,0x00000000d6f80000,0x00000000d8c00000)
  from space 8704K, 34% used [0x00000000d8c80000,0x00000000d8f78000,0x00000000d9500000)
  to   space 9216K, 0% used [0x00000000d9500000,0x00000000d9500000,0x00000000d9e00000)
 ParOldGen       total 84992K, used 14180K [0x0000000084e00000, 0x000000008a100000, 0x00000000d6f80000)
  object space 84992K, 16% used [0x0000000084e00000,0x0000000085bd9208,0x000000008a100000)
 Metaspace       used 19456K, capacity 19944K, committed 20224K, reserved 1067008K
  class space    used 2291K, capacity 2448K, committed 2560K, reserved 1048576K
}
Event: 1196.291 GC heap before
{Heap before GC invocations=10 (full 0):
 PSYoungGen      total 37888K, used 32224K [0x00000000d6f80000, 0x00000000d9e00000, 0x0000000100000000)
  eden space 29184K, 100% used [0x00000000d6f80000,0x00000000d8c00000,0x00000000d8c00000)
  from space 8704K, 34% used [0x00000000d8c80000,0x00000000d8f78000,0x00000000d9500000)
  to   space 9216K, 0% used [0x00000000d9500000,0x00000000d9500000,0x00000000d9e00000)
 ParOldGen       total 84992K, used 14180K [0x0000000084e00000, 0x000000008a100000, 0x00000000d6f80000)
  object space 84992K, 16% used [0x0000000084e00000,0x0000000085bd9208,0x000000008a100000)
 Metaspace       used 19527K, capacity 20032K, committed 20224K, reserved 1067008K
  class space    used 2298K, capacity 2452K, committed 2560K, reserved 1048576K
Event: 1196.295 GC heap after
Heap after GC invocations=10 (full 0):
 PSYoungGen      total 37888K, used 2112K [0x00000000d6f80000, 0x00000000d9e80000, 0x0000000100000000)
  eden space 28672K, 0% used [0x00000000d6f80000,0x00000000d6f80000,0x00000000d8b80000)
  from space 9216K, 22% used [0x00000000d9500000,0x00000000d9710010,0x00000000d9e00000)
  to   space 9728K, 0% used [0x00000000d8b80000,0x00000000d8b80000,0x00000000d9500000)
 ParOldGen       total 84992K, used 15992K [0x0000000084e00000, 0x000000008a100000, 0x00000000d6f80000)
  object space 84992K, 18% used [0x0000000084e00000,0x0000000085d9e3a0,0x000000008a100000)
 Metaspace       used 19527K, capacity 20032K, committed 20224K, reserved 1067008K
  class space    used 2298K, capacity 2452K, committed 2560K, reserved 1048576K
}
Event: 1200.613 GC heap before
{Heap before GC invocations=11 (full 0):
 PSYoungGen      total 37888K, used 30777K [0x00000000d6f80000, 0x00000000d9e80000, 0x0000000100000000)
  eden space 28672K, 99% used [0x00000000d6f80000,0x00000000d8b7e3f8,0x00000000d8b80000)
  from space 9216K, 22% used [0x00000000d9500000,0x00000000d9710010,0x00000000d9e00000)
  to   space 9728K, 0% used [0x00000000d8b80000,0x00000000d8b80000,0x00000000d9500000)
 ParOldGen       total 84992K, used 15992K [0x0000000084e00000, 0x000000008a100000, 0x00000000d6f80000)
  object space 84992K, 18% used [0x0000000084e00000,0x0000000085d9e3a0,0x000000008a100000)
 Metaspace       used 19535K, capacity 20032K, committed 20224K, reserved 1067008K
  class space    used 2298K, capacity 2452K, committed 2560K, reserved 1048576K
Event: 1200.615 GC heap after
Heap after GC invocations=11 (full 0):
 PSYoungGen      total 29696K, used 1056K [0x00000000d6f80000, 0x00000000d9e00000, 0x0000000100000000)
  eden space 28160K, 0% used [0x00000000d6f80000,0x00000000d6f80000,0x00000000d8b00000)
  from space 1536K, 68% used [0x00000000d8b80000,0x00000000d8c88000,0x00000000d8d00000)
  to   space 9728K, 0% used [0x00000000d9480000,0x00000000d9480000,0x00000000d9e00000)
 ParOldGen       total 84992K, used 17887K [0x0000000084e00000, 0x000000008a100000, 0x00000000d6f80000)
  object space 84992K, 21% used [0x0000000084e00000,0x0000000085f77ee0,0x000000008a100000)
 Metaspace       used 19535K, capacity 20032K, committed 20224K, reserved 1067008K
  class space    used 2298K, capacity 2452K, committed 2560K, reserved 1048576K
}
Event: 1201.038 GC heap before
{Heap before GC invocations=12 (full 0):
 PSYoungGen      total 29696K, used 6989K [0x00000000d6f80000, 0x00000000d9e00000, 0x0000000100000000)
  eden space 28160K, 21% used [0x00000000d6f80000,0x00000000d754b7c0,0x00000000d8b00000)
  from space 1536K, 68% used [0x00000000d8b80000,0x00000000d8c88000,0x00000000d8d00000)
  to   space 9728K, 0% used [0x00000000d9480000,0x00000000d9480000,0x00000000d9e00000)
 ParOldGen       total 84992K, used 17887K [0x0000000084e00000, 0x000000008a100000, 0x00000000d6f80000)
  object space 84992K, 21% used [0x0000000084e00000,0x0000000085f77ee0,0x000000008a100000)
 Metaspace       used 20571K, capacity 21060K, committed 21296K, reserved 1069056K
  class space    used 2402K, capacity 2562K, committed 2688K, reserved 1048576K
Event: 1201.039 GC heap after
Heap after GC invocations=12 (full 0):
 PSYoungGen      total 37376K, used 384K [0x00000000d6f80000, 0x00000000d9e80000, 0x0000000100000000)
  eden space 27648K, 0% used [0x00000000d6f80000,0x00000000d6f80000,0x00000000d8a80000)
  from space 9728K, 3% used [0x00000000d9480000,0x00000000d94e0000,0x00000000d9e00000)
  to   space 10240K, 0% used [0x00000000d8a80000,0x00000000d8a80000,0x00000000d9480000)
 ParOldGen       total 84992K, used 18733K [0x0000000084e00000, 0x000000008a100000, 0x00000000d6f80000)
  object space 84992K, 22% used [0x0000000084e00000,0x000000008604b760,0x000000008a100000)
 Metaspace       used 20571K, capacity 21060K, committed 21296K, reserved 1069056K
  class space    used 2402K, capacity 2562K, committed 2688K, reserved 1048576K
}
Event: 1201.039 GC heap before
{Heap before GC invocations=13 (full 1):
 PSYoungGen      total 37376K, used 384K [0x00000000d6f80000, 0x00000000d9e80000, 0x0000000100000000)
  eden space 27648K, 0% used [0x00000000d6f80000,0x00000000d6f80000,0x00000000d8a80000)
  from space 9728K, 3% used [0x00000000d9480000,0x00000000d94e0000,0x00000000d9e00000)
  to   space 10240K, 0% used [0x00000000d8a80000,0x00000000d8a80000,0x00000000d9480000)
 ParOldGen       total 84992K, used 18733K [0x0000000084e00000, 0x000000008a100000, 0x00000000d6f80000)
  object space 84992K, 22% used [0x0000000084e00000,0x000000008604b760,0x000000008a100000)
 Metaspace       used 20571K, capacity 21060K, committed 21296K, reserved 1069056K
  class space    used 2402K, capacity 2562K, committed 2688K, reserved 1048576K
Event: 1201.071 GC heap after
Heap after GC invocations=13 (full 1):
 PSYoungGen      total 37376K, used 0K [0x00000000d6f80000, 0x00000000d9e80000, 0x0000000100000000)
  eden space 27648K, 0% used [0x00000000d6f80000,0x00000000d6f80000,0x00000000d8a80000)
  from space 9728K, 0% used [0x00000000d9480000,0x00000000d9480000,0x00000000d9e00000)
  to   space 10240K, 0% used [0x00000000d8a80000,0x00000000d8a80000,0x00000000d9480000)
 ParOldGen       total 43520K, used 8824K [0x0000000084e00000, 0x0000000087880000, 0x00000000d6f80000)
  object space 43520K, 20% used [0x0000000084e00000,0x000000008569e300,0x0000000087880000)
 Metaspace       used 20571K, capacity 21060K, committed 21296K, reserved 1069056K
  class space    used 2402K, capacity 2562K, committed 2688K, reserved 1048576K
}

